[ 2015-12-15 05:30:46.2609 3687/7f5dc7984740 age/Wat/WatchdogMain.cpp:1276 ]: Starting Passenger watchdog...
[ 2015-12-15 05:30:46.2682 3690/7fb412ee0740 age/Cor/CoreMain.cpp:957 ]: Starting Passenger core...
[ 2015-12-15 05:30:46.2684 3690/7fb412ee0740 age/Cor/CoreMain.cpp:234 ]: Passenger core running in multi-application mode.
[ 2015-12-15 05:30:46.2707 3690/7fb412ee0740 age/Cor/CoreMain.cpp:707 ]: Passenger core online, PID 3690
[ 2015-12-15 05:30:46.2832 3695/7f24fc13e740 age/Ust/UstRouterMain.cpp:504 ]: Starting Passenger UstRouter...
[ 2015-12-15 05:30:46.2840 3695/7f24fc13e740 age/Ust/UstRouterMain.cpp:317 ]: Passenger UstRouter online, PID 3695
App 3726 stderr: mesg: 
App 3726 stderr: ttyname failed
App 3726 stderr: : 
App 3726 stderr: Inappropriate ioctl for device
App 3726 stdout: 
App 3726 stdout: 
[ 2015-12-15 05:30:54.4472 3690/7fb410601700 age/Cor/App/Implementation.cpp:304 ]: Could not spawn process for application /home/rentance: An error occurred while starting up the preloader.
  Error ID: 4a7f5f2d
  Error details saved to: /tmp/passenger-error-fkziow.html
  Message from application: undefined method `[]' for nil:NilClass (NoMethodError)
  /home/rentance/config/initializers/paperclip.rb:22:in `<top (required)>'
  /usr/local/rvm/gems/ruby-2.2.3@rentance/gems/activesupport-4.2.5/lib/active_support/dependencies.rb:268:in `load'
  /usr/local/rvm/gems/ruby-2.2.3@rentance/gems/activesupport-4.2.5/lib/active_support/dependencies.rb:268:in `block in load'
  /usr/local/rvm/gems/ruby-2.2.3@rentance/gems/activesupport-4.2.5/lib/active_support/dependencies.rb:240:in `load_dependency'
  /usr/local/rvm/gems/ruby-2.2.3@rentance/gems/activesupport-4.2.5/lib/active_support/dependencies.rb:268:in `load'
  /usr/local/rvm/gems/ruby-2.2.3@rentance/gems/railties-4.2.5/lib/rails/engine.rb:652:in `block in load_config_initializer'
  /usr/local/rvm/gems/ruby-2.2.3@rentance/gems/activesupport-4.2.5/lib/active_support/notifications.rb:166:in `instrument'
  /usr/local/rvm/gems/ruby-2.2.3@rentance/gems/railties-4.2.5/lib/rails/engine.rb:651:in `load_config_initializer'
  /usr/local/rvm/gems/ruby-2.2.3@rentance/gems/railties-4.2.5/lib/rails/engine.rb:616:in `block (2 levels) in <class:Engine>'
  /usr/local/rvm/gems/ruby-2.2.3@rentance/gems/railties-4.2.5/lib/rails/engine.rb:615:in `each'
  /usr/local/rvm/gems/ruby-2.2.3@rentance/gems/railties-4.2.5/lib/rails/engine.rb:615:in `block in <class:Engine>'
  /usr/local/rvm/gems/ruby-2.2.3@rentance/gems/railties-4.2.5/lib/rails/initializable.rb:30:in `instance_exec'
  /usr/local/rvm/gems/ruby-2.2.3@rentance/gems/railties-4.2.5/lib/rails/initializable.rb:30:in `run'
  /usr/local/rvm/gems/ruby-2.2.3@rentance/gems/railties-4.2.5/lib/rails/initializable.rb:55:in `block in run_initializers'
  /usr/local/rvm/rubies/ruby-2.2.3/lib/ruby/2.2.0/tsort.rb:226:in `block in tsort_each'
  /usr/local/rvm/rubies/ruby-2.2.3/lib/ruby/2.2.0/tsort.rb:348:in `block (2 levels) in each_strongly_connected_component'
  /usr/local/rvm/rubies/ruby-2.2.3/lib/ruby/2.2.0/tsort.rb:420:in `block (2 levels) in each_strongly_connected_component_from'
  /usr/local/rvm/rubies/ruby-2.2.3/lib/ruby/2.2.0/tsort.rb:429:in `each_strongly_connected_component_from'
  /usr/local/rvm/rubies/ruby-2.2.3/lib/ruby/2.2.0/tsort.rb:419:in `block in each_strongly_connected_component_from'
  /usr/local/rvm/gems/ruby-2.2.3@rentance/gems/railties-4.2.5/lib/rails/initializable.rb:44:in `each'
  /usr/local/rvm/gems/ruby-2.2.3@rentance/gems/railties-4.2.5/lib/rails/initializable.rb:44:in `tsort_each_child'
  /usr/local/rvm/rubies/ruby-2.2.3/lib/ruby/2.2.0/tsort.rb:413:in `call'
  /usr/local/rvm/rubies/ruby-2.2.3/lib/ruby/2.2.0/tsort.rb:413:in `each_strongly_connected_component_from'
  /usr/local/rvm/rubies/ruby-2.2.3/lib/ruby/2.2.0/tsort.rb:347:in `block in each_strongly_connected_component'
  /usr/local/rvm/rubies/ruby-2.2.3/lib/ruby/2.2.0/tsort.rb:345:in `each'
  /usr/local/rvm/rubies/ruby-2.2.3/lib/ruby/2.2.0/tsort.rb:345:in `call'
  /usr/local/rvm/rubies/ruby-2.2.3/lib/ruby/2.2.0/tsort.rb:345:in `each_strongly_connected_component'
  /usr/local/rvm/rubies/ruby-2.2.3/lib/ruby/2.2.0/tsort.rb:224:in `tsort_each'
  /usr/local/rvm/rubies/ruby-2.2.3/lib/ruby/2.2.0/tsort.rb:203:in `tsort_each'
  /usr/local/rvm/gems/ruby-2.2.3@rentance/gems/railties-4.2.5/lib/rails/initializable.rb:54:in `run_initializers'
  /usr/local/rvm/gems/ruby-2.2.3@rentance/gems/railties-4.2.5/lib/rails/application.rb:352:in `initialize!'
  /home/rentance/config/environment.rb:5:in `<top (required)>'
  config.ru:3:in `require'
  config.ru:3:in `block in <main>'
  /usr/local/rvm/gems/ruby-2.2.3@rentance/gems/rack-1.6.4/lib/rack/builder.rb:55:in `instance_eval'
  /usr/local/rvm/gems/ruby-2.2.3@rentance/gems/rack-1.6.4/lib/rack/builder.rb:55:in `initialize'
  config.ru:1:in `new'
  config.ru:1:in `<main>'
  /usr/local/rvm/gems/ruby-2.2.3@rentance/gems/passenger-5.0.22/src/helper-scripts/rack-preloader.rb:110:in `eval'
  /usr/local/rvm/gems/ruby-2.2.3@rentance/gems/passenger-5.0.22/src/helper-scripts/rack-preloader.rb:110:in `preload_app'
  /usr/local/rvm/gems/ruby-2.2.3@rentance/gems/passenger-5.0.22/src/helper-scripts/rack-preloader.rb:156:in `<module:App>'
  /usr/local/rvm/gems/ruby-2.2.3@rentance/gems/passenger-5.0.22/src/helper-scripts/rack-preloader.rb:30:in `<module:PhusionPassenger>'
  /usr/local/rvm/gems/ruby-2.2.3@rentance/gems/passenger-5.0.22/src/helper-scripts/rack-preloader.rb:29:in `<main>'


[ 2015-12-15 05:30:54.4599 3690/7fb410e02700 age/Cor/Con/CheckoutSession.cpp:277 ]: [Client 1-1] Cannot checkout session because a spawning error occurred. The identifier of the error is 4a7f5f2d. Please see earlier logs for details about the error.

[ 2015-12-15 05:31:32.3057 3690/7fb410e02700 age/Cor/CoreMain.cpp:507 ]: Signal received. Gracefully shutting down... (send signal 2 more time(s) to force shutdown)
[ 2015-12-15 05:31:32.3058 3690/7fb412ee0740 age/Cor/CoreMain.cpp:876 ]: Received command to shutdown gracefully. Waiting until all clients have disconnected...
[ 2015-12-15 05:31:32.3059 3690/7fb403fff700 Ser/Server.h:759 ]: [ApiServer] Freed 0 spare client objects
[ 2015-12-15 05:31:32.3059 3690/7fb403fff700 Ser/Server.h:444 ]: [ApiServer] Shutdown finished
[ 2015-12-15 05:31:32.3062 3690/7fb410e02700 Ser/Server.h:759 ]: [ServerThr.1] Freed 128 spare client objects
[ 2015-12-15 05:31:32.3062 3690/7fb410e02700 Ser/Server.h:444 ]: [ServerThr.1] Shutdown finished

[ 2015-12-15 05:31:32.3074 3695/7f24fa23f700 age/Ust/UstRouterMain.cpp:397 ]: Signal received. Gracefully shutting down... (send signal 2 more time(s) to force shutdown)
[ 2015-12-15 05:31:32.3075 3695/7f24fc13e740 age/Ust/UstRouterMain.cpp:467 ]: Received command to shutdown gracefully. Waiting until all clients have disconnected...
[ 2015-12-15 05:31:32.3076 3695/7f24f9a3e700 Ser/Server.h:759 ]: [UstRouterApiServer] Freed 0 spare client objects
[ 2015-12-15 05:31:32.3076 3695/7f24f9a3e700 Ser/Server.h:444 ]: [UstRouterApiServer] Shutdown finished
[ 2015-12-15 05:31:32.3078 3695/7f24fa23f700 Ser/Server.h:444 ]: [UstRouter] Shutdown finished
[ 2015-12-15 05:31:32.3081 3695/7f24fc13e740 age/Ust/UstRouterMain.cpp:498 ]: Passenger UstRouter shutdown finished
[ 2015-12-15 05:31:32.3113 3690/7fb412ee0740 age/Cor/CoreMain.cpp:942 ]: Passenger core shutdown finished
